<?xml version="1.0" encoding="UTF-8"?>
<testng-results skipped="0" failed="1" ignored="0" total="2" passed="1">
  <reporter-output>
    <line>
      <![CDATA[customer test successfull]]>
    </line>
    <line>
      <![CDATA[Click to see screenshot ]]>
    </line>
    <line>
      <![CDATA[log sucessfully executed]]>
    </line>
    <line>
      <![CDATA[<a target="_blank" href=Sun_Feb_10_20_10_34_EST_2019><img src=Sun_Feb_10_20_10_34_EST_2019 height=200 width=200></img>Screenshot</a>]]>
    </line>
  </reporter-output>
  <suite name="Data Driven Suite" duration-ms="5928" started-at="2019-02-11T01:10:28Z" finished-at="2019-02-11T01:10:34Z">
    <groups>
    </groups>
    <test name="Bank Manager Login Test" duration-ms="3781" started-at="2019-02-11T01:10:28Z" finished-at="2019-02-11T01:10:32Z">
      <class name="com.w2a.testcases.BankManagerLoginTest">
        <test-method status="PASS" signature="loginAsbankManager()[pri:0, instance:com.w2a.testcases.BankManagerLoginTest@702657cc]" name="loginAsbankManager" duration-ms="3760" started-at="2019-02-10T20:10:28Z" finished-at="2019-02-10T20:10:32Z">
          <reporter-output>
          </reporter-output>
        </test-method> <!-- loginAsbankManager -->
      </class> <!-- com.w2a.testcases.BankManagerLoginTest -->
    </test> <!-- Bank Manager Login Test -->
    <test name="Add customer test" duration-ms="2114" started-at="2019-02-11T01:10:32Z" finished-at="2019-02-11T01:10:34Z">
      <class name="com.w2a.testcases.AddCustomerTest">
        <test-method status="PASS" signature="setUp()[pri:0, instance:com.w2a.testcases.AddCustomerTest@77c2494c]" name="setUp" is-config="true" duration-ms="7204" started-at="2019-02-10T20:10:21Z" finished-at="2019-02-10T20:10:28Z">
          <reporter-output>
          </reporter-output>
        </test-method> <!-- setUp -->
        <test-method status="FAIL" signature="addCustomer(java.lang.String, java.lang.String, java.lang.String, java.lang.String)[pri:0, instance:com.w2a.testcases.AddCustomerTest@77c2494c]" name="addCustomer" duration-ms="1509" started-at="2019-02-10T20:10:32Z" data-provider="getData" finished-at="2019-02-10T20:10:33Z">
          <params>
            <param index="0">
              <value>
                <![CDATA[helloe]]>
              </value>
            </param>
            <param index="1">
              <value>
                <![CDATA[there ]]>
              </value>
            </param>
            <param index="2">
              <value>
                <![CDATA[ewf23]]>
              </value>
            </param>
            <param index="3">
              <value>
                <![CDATA[Customer added successfully]]>
              </value>
            </param>
          </params>
          <exception class="java.lang.AssertionError">
            <message>
              <![CDATA[addcustomer test not successfull]]>
            </message>
            <full-stacktrace>
              <![CDATA[java.lang.AssertionError: addcustomer test not successfull
	at org.testng.Assert.fail(Assert.java:93)
	at com.w2a.testcases.AddCustomerTest.addCustomer(AddCustomerTest.java:30)
	at sun.reflect.NativeMethodAccessorImpl.invoke0(Native Method)
	at sun.reflect.NativeMethodAccessorImpl.invoke(NativeMethodAccessorImpl.java:62)
	at sun.reflect.DelegatingMethodAccessorImpl.invoke(DelegatingMethodAccessorImpl.java:43)
	at java.lang.reflect.Method.invoke(Method.java:497)
	at org.testng.internal.MethodInvocationHelper.invokeMethod(MethodInvocationHelper.java:108)
	at org.testng.internal.Invoker.invokeMethod(Invoker.java:661)
	at org.testng.internal.Invoker.invokeTestMethod(Invoker.java:869)
	at org.testng.internal.Invoker.invokeTestMethods(Invoker.java:1193)
	at org.testng.internal.TestMethodWorker.invokeTestMethods(TestMethodWorker.java:126)
	at org.testng.internal.TestMethodWorker.run(TestMethodWorker.java:109)
	at org.testng.TestRunner.privateRun(TestRunner.java:744)
	at org.testng.TestRunner.run(TestRunner.java:602)
	at org.testng.SuiteRunner.runTest(SuiteRunner.java:380)
	at org.testng.SuiteRunner.runSequentially(SuiteRunner.java:375)
	at org.testng.SuiteRunner.privateRun(SuiteRunner.java:340)
	at org.testng.SuiteRunner.run(SuiteRunner.java:289)
	at org.testng.SuiteRunnerWorker.runSuite(SuiteRunnerWorker.java:52)
	at org.testng.SuiteRunnerWorker.run(SuiteRunnerWorker.java:86)
	at org.testng.TestNG.runSuitesSequentially(TestNG.java:1301)
	at org.testng.TestNG.runSuitesLocally(TestNG.java:1226)
	at org.testng.TestNG.runSuites(TestNG.java:1144)
	at org.testng.TestNG.run(TestNG.java:1115)
	at org.apache.maven.surefire.testng.TestNGExecutor.run(TestNGExecutor.java:295)
	at org.apache.maven.surefire.testng.TestNGXmlTestSuite.execute(TestNGXmlTestSuite.java:84)
	at org.apache.maven.surefire.testng.TestNGProvider.invoke(TestNGProvider.java:90)
	at org.apache.maven.surefire.booter.ForkedBooter.invokeProviderInSameClassLoader(ForkedBooter.java:203)
	at org.apache.maven.surefire.booter.ForkedBooter.runSuitesInProcess(ForkedBooter.java:155)
	at org.apache.maven.surefire.booter.ForkedBooter.main(ForkedBooter.java:103)
]]>
            </full-stacktrace>
          </exception> <!-- java.lang.AssertionError -->
          <reporter-output>
            <line>
              <![CDATA[customer test successfull]]>
            </line>
            <line>
              <![CDATA[Click to see screenshot ]]>
            </line>
            <line>
              <![CDATA[log sucessfully executed]]>
            </line>
            <line>
              <![CDATA[<a target="_blank" href=Sun_Feb_10_20_10_34_EST_2019><img src=Sun_Feb_10_20_10_34_EST_2019 height=200 width=200></img>Screenshot</a>]]>
            </line>
          </reporter-output>
        </test-method> <!-- addCustomer -->
        <test-method status="PASS" signature="tearDown()[pri:0, instance:com.w2a.testcases.AddCustomerTest@77c2494c]" name="tearDown" is-config="true" duration-ms="1386" started-at="2019-02-10T20:10:34Z" finished-at="2019-02-10T20:10:35Z">
          <reporter-output>
          </reporter-output>
        </test-method> <!-- tearDown -->
      </class> <!-- com.w2a.testcases.AddCustomerTest -->
    </test> <!-- Add customer test -->
  </suite> <!-- Data Driven Suite -->
</testng-results>
