-------------------------------------------------------------------------------
Test set: TestSuite
-------------------------------------------------------------------------------
Tests run: 2, Failures: 1, Errors: 0, Skipped: 0, Time elapsed: 16.787 sec <<< FAILURE! - in TestSuite
addCustomer(com.w2a.testcases.AddCustomerTest)  Time elapsed: 2.094 sec  <<< FAILURE!
java.lang.AssertionError: addcustomer test not successfull
	at org.testng.Assert.fail(Assert.java:93)
	at com.w2a.testcases.AddCustomerTest.addCustomer(AddCustomerTest.java:30)

