<?xml version="1.0" encoding="UTF-8"?>
<!-- Generated by org.testng.reporters.JUnitXMLReporter -->
<testsuite hostname="Nipun" ignored="0" name="Add customer test" tests="1" failures="1" timestamp="11 Feb 2019 01:10:34 GMT" time="2.114" errors="0">
  <testcase name="addCustomer" time="1.509" classname="com.w2a.testcases.AddCustomerTest">
    <failure type="java.lang.AssertionError" message="addcustomer test not successfull">
      <![CDATA[java.lang.AssertionError: addcustomer test not successfull
	at com.w2a.testcases.AddCustomerTest.addCustomer(AddCustomerTest.java:30)
... Removed 29 stack frames]]>
    </failure>
  </testcase> <!-- addCustomer -->
</testsuite> <!-- Add customer test -->
